<?xml version="1.0" encoding="UTF-8"?>
<testsuites tests="10" failures="0" errors="0" skipped="0">
  <testsuite name="BackstopJS" tests="10" failures="0" errors="0" skipped="0">
    <testcase classname="document" name=" ›› Home Page"/>
    <testcase classname="document" name=" ›› Home Page"/>
    <testcase classname="document" name=" ›› Home Page"/>
    <testcase classname="document" name=" ›› Home Page"/>
    <testcase classname="document" name=" ›› Home Page"/>
    <testcase classname="document" name=" ›› System Verification Dashboard"/>
    <testcase classname="document" name=" ›› System Verification Dashboard"/>
    <testcase classname="document" name=" ›› System Verification Dashboard"/>
    <testcase classname="document" name=" ›› System Verification Dashboard"/>
    <testcase classname="document" name=" ›› System Verification Dashboard"/>
  </testsuite>
</testsuites>